\BOOKMARK [0][-]{chapter.1}{Introduction}{}% 1
\BOOKMARK [0][-]{chapter.2}{Background}{}% 2
\BOOKMARK [1][-]{section.2.1}{Reinforcement Learning}{chapter.2}% 3
\BOOKMARK [2][-]{subsection.2.1.1}{Elements of Reinforcement Learning}{section.2.1}% 4
\BOOKMARK [2][-]{subsection.2.1.2}{Finite Markov Decision Processes}{section.2.1}% 5
\BOOKMARK [2][-]{subsection.2.1.3}{Reinforcement Learning Solution Methods}{section.2.1}% 6
\BOOKMARK [1][-]{section.2.2}{Reinforcement Learning from Unknown Reward Functions}{chapter.2}% 7
\BOOKMARK [2][-]{subsection.2.2.1}{Reward Learning}{section.2.2}% 8
\BOOKMARK [1][-]{section.2.3}{Uncertainty in Deep Learning}{chapter.2}% 9
\BOOKMARK [1][-]{section.2.4}{Active Learning}{chapter.2}% 10
\BOOKMARK [2][-]{subsection.2.4.1}{Applying Active Learning to RL without a reward function}{section.2.4}% 11
\BOOKMARK [1][-]{section.2.5}{Relation to Material Studied on the MSc Course}{chapter.2}% 12
\BOOKMARK [0][-]{chapter.3}{Method}{}% 13
\BOOKMARK [0][-]{chapter.4}{Experiments}{}% 14
\BOOKMARK [0][-]{chapter.5}{Results}{}% 15
\BOOKMARK [0][-]{chapter.6}{Conclusions}{}% 16
\BOOKMARK [1][-]{section.6.1}{Summary}{chapter.6}% 17
\BOOKMARK [1][-]{section.6.2}{Evaluation}{chapter.6}% 18
\BOOKMARK [1][-]{section.6.3}{Future Work}{chapter.6}% 19
\BOOKMARK [0][-]{chapter*.5}{References}{}% 20
\BOOKMARK [0][-]{appendix.A}{Some Appendix Material}{}% 21
